2025-11-24 3:46:56 PM +0000 [MT] Initial pipeline context: <IDEDistributionProcessingPipelineContext: 0x74e7d9800; archive(resolved)="<IDEArchive: 0x74fa57480>", distributionTask(resolved)="2", distributionDestination(resolved)="1", distributionMethod(resolved)="<IDEDistributionMethodDevelopmentSigned: 0x75006c050>", team(resolved)="<IDEProvisioningBasicTeam: 0x7501dc8a0; teamID='7U5YQ8C3UM', teamName='Abiral Pokhrel'>">
	Chain (14, self inclusive):
	<IDEDistributionProcessingPipelineContext: 0x74e7d9800; archive = "<IDEArchive: 0x74fa57480>", distributionMethod="<IDEDistributionMethodDevelopmentSigned: 0x75006c050>", team="<IDEProvisioningBasicTeam: 0x7501dc8a0; teamID='7U5YQ8C3UM', teamName='Abiral Pokhrel'>">
	<IDEDistributionProcessingPipelineContext: 0x74e7d9b00; archive = "<IDEArchive: 0x74fa57480>", distributionMethod="<IDEDistributionMethodDevelopmentSigned: 0x75006c050>", team="<IDEProvisioningBasicTeam: 0x7501dc8a0; teamID='7U5YQ8C3UM', teamName='Abiral Pokhrel'>">
	<IDEDistributionContext: 0x74fb96580; archive = "<IDEArchive: 0x74fa57480>", distributionMethod="<IDEDistributionMethodDevelopmentSigned: 0x75006c050>", team="<IDEProvisioningBasicTeam: 0x7501dc8a0; teamID='7U5YQ8C3UM', teamName='Abiral Pokhrel'>">
	<IDEDistributionContext: 0x74fb95680; archive = "<IDEArchive: 0x74fa57480>", distributionMethod="<IDEDistributionMethodDevelopmentSigned: 0x75006c050>", team="<IDEProvisioningBasicTeam: 0x7501dc8a0; teamID='7U5YQ8C3UM', teamName='Abiral Pokhrel'>">
	<IDEDistributionContext: 0x74fb95400; archive = "<IDEArchive: 0x74fa57480>", distributionMethod="<IDEDistributionMethodDevelopmentSigned: 0x75006c050>", team="<IDEProvisioningBasicTeam: 0x7501dc8a0; teamID='7U5YQ8C3UM', teamName='Abiral Pokhrel'>">
	<IDEDistributionContext: 0x74fb95180; archive = "<IDEArchive: 0x74fa57480>", distributionMethod="<IDEDistributionMethodDevelopmentSigned: 0x75006c050>", team="<IDEProvisioningBasicTeam: 0x7501dc8a0; teamID='7U5YQ8C3UM', teamName='Abiral Pokhrel'>">
	<IDEDistributionContext: 0x74fb94f00; archive = "<IDEArchive: 0x74fa57480>", distributionMethod="<IDEDistributionMethodDevelopmentSigned: 0x75006c050>", team="<IDEProvisioningBasicTeam: 0x7501dc8a0; teamID='7U5YQ8C3UM', teamName='Abiral Pokhrel'>">
	<IDEDistributionContext: 0x74fb94c80; archive = "<IDEArchive: 0x74fa57480>", distributionMethod="<IDEDistributionMethodDevelopmentSigned: 0x75006c050>", team="<IDEProvisioningBasicTeam: 0x7501dc8a0; teamID='7U5YQ8C3UM', teamName='Abiral Pokhrel'>">
	<IDEDistributionContext: 0x74fb94a00; archive = "<IDEArchive: 0x74fa57480>", distributionMethod="<IDEDistributionMethodDevelopmentSigned: 0x75006c050>", team="<IDEProvisioningBasicTeam: 0x7501dc8a0; teamID='7U5YQ8C3UM', teamName='Abiral Pokhrel'>">
	<IDEDistributionContext: 0x74fb94780; archive = "<IDEArchive: 0x74fa57480>", distributionMethod="<IDEDistributionMethodDevelopmentSigned: 0x75006c050>", team="(null)">
	<IDEDistributionContext: 0x74fb94500; archive = "<IDEArchive: 0x74fa57480>", distributionMethod="<IDEDistributionMethodDevelopmentSigned: 0x75006c050>", team="(null)">
	<IDEDistributionContext: 0x74fb94280; archive = "<IDEArchive: 0x74fa57480>", distributionMethod="<IDEDistributionMethodDevelopmentSigned: 0x75006c050>", team="(null)">
	<IDEDistributionContext: 0x74fb94000; archive = "<IDEArchive: 0x74fa57480>", distributionMethod="<IDEDistributionMethodDevelopmentSigned: 0x75006c050>", team="(null)">
	<IDEDistributionContext: 0x100ce2c60; archive = "<IDEArchive: 0x74fa57480>", distributionMethod="(null)", team="(null)">
</IDEDistributionProcessingPipelineContext: 0x74e7d9800>
2025-11-24 3:46:56 PM +0000 [MT] Processing step: IDEDistributionCreateDestRootStep
2025-11-24 3:46:56 PM +0000 [MT] Processing step: IDEDistributionCopyItemStep
2025-11-24 3:46:56 PM +0000 [MT] Running /usr/bin/ditto '-V' '/Users/abiral/Desktop/Projects/esewa_project/add_to_app_ios/build/add_to_app_ios.xcarchive/Products/Applications/add_to_app_ios.app' '/var/folders/mq/p8cmhyj97hsf8g88_2h6jmtr0000gp/T/XcodeDistPipeline.~~~qw9b2i/Root/Payload/add_to_app_ios.app'
2025-11-24 3:46:56 PM +0000  >>> Copying /Users/abiral/Desktop/Projects/esewa_project/add_to_app_ios/build/add_to_app_ios.xcarchive/Products/Applications/add_to_app_ios.app 
2025-11-24 3:46:56 PM +0000  copying file ./_CodeSignature/CodeResources ... 
2025-11-24 3:46:56 PM +0000  16067 bytes for ./_CodeSignature/CodeResources
2025-11-24 3:46:56 PM +0000  copying file ./add_to_app_ios ... 
2025-11-24 3:46:56 PM +0000  112704 bytes for ./add_to_app_ios
2025-11-24 3:46:56 PM +0000  copying file ./Base.lproj/Main.storyboardc/UIViewController-BYZ-38-t0r.nib ... 
2025-11-24 3:46:56 PM +0000  1005 bytes for ./Base.lproj/Main.storyboardc/UIViewController-BYZ-38-t0r.nib
2025-11-24 3:46:56 PM +0000  copying file ./Base.lproj/Main.storyboardc/BYZ-38-t0r-view-8bC-Xf-vdC.nib ... 
2025-11-24 3:46:56 PM +0000  4929 bytes for ./Base.lproj/Main.storyboardc/BYZ-38-t0r-view-8bC-Xf-vdC.nib
2025-11-24 3:46:56 PM +0000  copying file ./Base.lproj/Main.storyboardc/Info.plist ... 
2025-11-24 3:46:56 PM +0000  258 bytes for ./Base.lproj/Main.storyboardc/Info.plist
2025-11-24 3:46:56 PM +0000  copying file ./Base.lproj/LaunchScreen.storyboardc/01J-lp-oVM-view-Ze5-6b-2t3.nib ... 
2025-11-24 3:46:56 PM +0000  1225 bytes for ./Base.lproj/LaunchScreen.storyboardc/01J-lp-oVM-view-Ze5-6b-2t3.nib
2025-11-24 3:46:56 PM +0000  copying file ./Base.lproj/LaunchScreen.storyboardc/UIViewController-01J-lp-oVM.nib ... 
2025-11-24 3:46:56 PM +0000  924 bytes for ./Base.lproj/LaunchScreen.storyboardc/UIViewController-01J-lp-oVM.nib
2025-11-24 3:46:56 PM +0000  copying file ./Base.lproj/LaunchScreen.storyboardc/Info.plist ... 
2025-11-24 3:46:56 PM +0000  258 bytes for ./Base.lproj/LaunchScreen.storyboardc/Info.plist
2025-11-24 3:46:56 PM +0000  copying file ./Frameworks/Flutter.framework/_CodeSignature/CodeResources ... 
2025-11-24 3:46:56 PM +0000  6822 bytes for ./Frameworks/Flutter.framework/_CodeSignature/CodeResources
2025-11-24 3:46:56 PM +0000  copying file ./Frameworks/Flutter.framework/icudtl.dat ... 
2025-11-24 3:46:56 PM +0000  778864 bytes for ./Frameworks/Flutter.framework/icudtl.dat
2025-11-24 3:46:56 PM +0000  copying file ./Frameworks/Flutter.framework/Flutter ... 
2025-11-24 3:46:56 PM +0000  8577616 bytes for ./Frameworks/Flutter.framework/Flutter
2025-11-24 3:46:56 PM +0000  copying file ./Frameworks/Flutter.framework/Headers/FlutterSceneDelegate.h ... 
2025-11-24 3:46:56 PM +0000  813 bytes for ./Frameworks/Flutter.framework/Headers/FlutterSceneDelegate.h
2025-11-24 3:46:56 PM +0000  copying file ./Frameworks/Flutter.framework/Headers/FlutterEngine.h ... 
2025-11-24 3:46:56 PM +0000  20339 bytes for ./Frameworks/Flutter.framework/Headers/FlutterEngine.h
2025-11-24 3:46:56 PM +0000  copying file ./Frameworks/Flutter.framework/Headers/FlutterChannels.h ... 
2025-11-24 3:46:56 PM +0000  18414 bytes for ./Frameworks/Flutter.framework/Headers/FlutterChannels.h
2025-11-24 3:46:56 PM +0000  copying file ./Frameworks/Flutter.framework/Headers/FlutterPlugin.h ... 
2025-11-24 3:46:56 PM +0000  16886 bytes for ./Frameworks/Flutter.framework/Headers/FlutterPlugin.h
2025-11-24 3:46:56 PM +0000  copying file ./Frameworks/Flutter.framework/Headers/FlutterAppDelegate.h ... 
2025-11-24 3:46:56 PM +0000  1821 bytes for ./Frameworks/Flutter.framework/Headers/FlutterAppDelegate.h
2025-11-24 3:46:56 PM +0000  copying file ./Frameworks/Flutter.framework/Headers/FlutterTexture.h ... 
2025-11-24 3:46:56 PM +0000  2263 bytes for ./Frameworks/Flutter.framework/Headers/FlutterTexture.h
2025-11-24 3:46:56 PM +0000  copying file ./Frameworks/Flutter.framework/Headers/FlutterEngineGroup.h ... 
2025-11-24 3:46:56 PM +0000  4755 bytes for ./Frameworks/Flutter.framework/Headers/FlutterEngineGroup.h
2025-11-24 3:46:56 PM +0000  copying file ./Frameworks/Flutter.framework/Headers/FlutterPlatformViews.h ... 
2025-11-24 3:46:56 PM +0000  1967 bytes for ./Frameworks/Flutter.framework/Headers/FlutterPlatformViews.h
2025-11-24 3:46:56 PM +0000  copying file ./Frameworks/Flutter.framework/Headers/FlutterHeadlessDartRunner.h ... 
2025-11-24 3:46:56 PM +0000  3927 bytes for ./Frameworks/Flutter.framework/Headers/FlutterHeadlessDartRunner.h
2025-11-24 3:46:56 PM +0000  copying file ./Frameworks/Flutter.framework/Headers/FlutterCodecs.h ... 
2025-11-24 3:46:56 PM +0000  15290 bytes for ./Frameworks/Flutter.framework/Headers/FlutterCodecs.h
2025-11-24 3:46:56 PM +0000  copying file ./Frameworks/Flutter.framework/Headers/Flutter.h ... 
2025-11-24 3:46:56 PM +0000  887 bytes for ./Frameworks/Flutter.framework/Headers/Flutter.h
2025-11-24 3:46:56 PM +0000  copying file ./Frameworks/Flutter.framework/Headers/FlutterViewController.h ... 
2025-11-24 3:46:56 PM +0000  10172 bytes for ./Frameworks/Flutter.framework/Headers/FlutterViewController.h
2025-11-24 3:46:56 PM +0000  copying file ./Frameworks/Flutter.framework/Headers/FlutterMacros.h ... 
2025-11-24 3:46:56 PM +0000  1823 bytes for ./Frameworks/Flutter.framework/Headers/FlutterMacros.h
2025-11-24 3:46:56 PM +0000  copying file ./Frameworks/Flutter.framework/Headers/FlutterDartProject.h ... 
2025-11-24 3:46:56 PM +0000  3914 bytes for ./Frameworks/Flutter.framework/Headers/FlutterDartProject.h
2025-11-24 3:46:56 PM +0000  copying file ./Frameworks/Flutter.framework/Headers/FlutterHourFormat.h ... 
2025-11-24 3:46:56 PM +0000  536 bytes for ./Frameworks/Flutter.framework/Headers/FlutterHourFormat.h
2025-11-24 3:46:56 PM +0000  copying file ./Frameworks/Flutter.framework/Headers/FlutterPluginAppLifeCycleDelegate.h ... 
2025-11-24 3:46:56 PM +0000  5318 bytes for ./Frameworks/Flutter.framework/Headers/FlutterPluginAppLifeCycleDelegate.h
2025-11-24 3:46:56 PM +0000  copying file ./Frameworks/Flutter.framework/Headers/FlutterBinaryMessenger.h ... 
2025-11-24 3:46:56 PM +0000  3761 bytes for ./Frameworks/Flutter.framework/Headers/FlutterBinaryMessenger.h
2025-11-24 3:46:56 PM +0000  copying file ./Frameworks/Flutter.framework/Headers/FlutterCallbackCache.h ... 
2025-11-24 3:46:56 PM +0000  1724 bytes for ./Frameworks/Flutter.framework/Headers/FlutterCallbackCache.h
2025-11-24 3:46:56 PM +0000  copying file ./Frameworks/Flutter.framework/PrivacyInfo.xcprivacy ... 
2025-11-24 3:46:56 PM +0000  845 bytes for ./Frameworks/Flutter.framework/PrivacyInfo.xcprivacy
2025-11-24 3:46:56 PM +0000  copying file ./Frameworks/Flutter.framework/Modules/module.modulemap ... 
2025-11-24 3:46:56 PM +0000  95 bytes for ./Frameworks/Flutter.framework/Modules/module.modulemap
2025-11-24 3:46:56 PM +0000  copying file ./Frameworks/Flutter.framework/Info.plist ... 
2025-11-24 3:46:56 PM +0000  1078 bytes for ./Frameworks/Flutter.framework/Info.plist
2025-11-24 3:46:56 PM +0000  copying file ./Frameworks/App.framework/_CodeSignature/CodeResources ... 
2025-11-24 3:46:56 PM +0000  3916 bytes for ./Frameworks/App.framework/_CodeSignature/CodeResources
2025-11-24 3:46:56 PM +0000  copying file ./Frameworks/App.framework/App ... 
2025-11-24 3:46:56 PM +0000  4384832 bytes for ./Frameworks/App.framework/App
2025-11-24 3:46:56 PM +0000  copying file ./Frameworks/App.framework/flutter_assets/NOTICES.Z ... 
84750 bytes for ./Frameworks/App.framework/flutter_assets/NOTICES.Z
copying file ./Frameworks/App.framework/flutter_assets/NativeAssetsManifest.json ... 
2025-11-24 3:46:56 PM +0000  45 bytes for ./Frameworks/App.framework/flutter_assets/NativeAssetsManifest.json
2025-11-24 3:46:56 PM +0000  copying file ./Frameworks/App.framework/flutter_assets/AssetManifest.json ... 
2025-11-24 3:46:56 PM +0000  109 bytes for ./Frameworks/App.framework/flutter_assets/AssetManifest.json
2025-11-24 3:46:56 PM +0000  copying file ./Frameworks/App.framework/flutter_assets/FontManifest.json ... 
2025-11-24 3:46:56 PM +0000  208 bytes for ./Frameworks/App.framework/flutter_assets/FontManifest.json
2025-11-24 3:46:56 PM +0000  copying file ./Frameworks/App.framework/flutter_assets/packages/cupertino_icons/assets/CupertinoIcons.ttf ... 
2025-11-24 3:46:56 PM +0000  257628 bytes for ./Frameworks/App.framework/flutter_assets/packages/cupertino_icons/assets/CupertinoIcons.ttf
2025-11-24 3:46:56 PM +0000  copying file ./Frameworks/App.framework/flutter_assets/shaders/ink_sparkle.frag ... 
2025-11-24 3:46:56 PM +0000  11984 bytes for ./Frameworks/App.framework/flutter_assets/shaders/ink_sparkle.frag
2025-11-24 3:46:56 PM +0000  copying file ./Frameworks/App.framework/flutter_assets/AssetManifest.bin ... 
2025-11-24 3:46:56 PM +0000  117 bytes for ./Frameworks/App.framework/flutter_assets/AssetManifest.bin
2025-11-24 3:46:56 PM +0000  copying file ./Frameworks/App.framework/flutter_assets/fonts/MaterialIcons-Regular.otf ... 
2025-11-24 3:46:56 PM +0000  1312 bytes for ./Frameworks/App.framework/flutter_assets/fonts/MaterialIcons-Regular.otf
2025-11-24 3:46:56 PM +0000  copying file ./Frameworks/App.framework/Info.plist ... 
2025-11-24 3:46:56 PM +0000  774 bytes for ./Frameworks/App.framework/Info.plist
2025-11-24 3:46:56 PM +0000  copying file ./Frameworks/shared_preferences_foundation.framework/_CodeSignature/CodeResources ... 
2025-11-24 3:46:56 PM +0000  2420 bytes for ./Frameworks/shared_preferences_foundation.framework/_CodeSignature/CodeResources
2025-11-24 3:46:56 PM +0000  copying file ./Frameworks/shared_preferences_foundation.framework/shared_preferences_foundation_privacy.bundle/PrivacyInfo.xcprivacy ... 
2025-11-24 3:46:56 PM +0000  598 bytes for ./Frameworks/shared_preferences_foundation.framework/shared_preferences_foundation_privacy.bundle/PrivacyInfo.xcprivacy
2025-11-24 3:46:56 PM +0000  copying file ./Frameworks/shared_preferences_foundation.framework/shared_preferences_foundation_privacy.bundle/Info.plist ... 
2025-11-24 3:46:56 PM +0000  823 bytes for ./Frameworks/shared_preferences_foundation.framework/shared_preferences_foundation_privacy.bundle/Info.plist
2025-11-24 3:46:56 PM +0000  copying file ./Frameworks/shared_preferences_foundation.framework/shared_preferences_foundation ... 
2025-11-24 3:46:56 PM +0000  221872 bytes for ./Frameworks/shared_preferences_foundation.framework/shared_preferences_foundation
2025-11-24 3:46:56 PM +0000  copying file ./Frameworks/shared_preferences_foundation.framework/Info.plist ... 
2025-11-24 3:46:56 PM +0000  832 bytes for ./Frameworks/shared_preferences_foundation.framework/Info.plist
2025-11-24 3:46:56 PM +0000  copying file ./embedded.mobileprovision ... 
2025-11-24 3:46:56 PM +0000  12281 bytes for ./embedded.mobileprovision
2025-11-24 3:46:56 PM +0000  copying file ./Info.plist ... 
2025-11-24 3:46:56 PM +0000  1520 bytes for ./Info.plist
2025-11-24 3:46:56 PM +0000  copying file ./PkgInfo ... 
2025-11-24 3:46:56 PM +0000  8 bytes for ./PkgInfo
2025-11-24 3:46:56 PM +0000 [MT] /usr/bin/ditto exited with 0
2025-11-24 3:46:56 PM +0000 [MT] Processing step: IDEDistributionEmbedProfileStep
2025-11-24 3:46:56 PM +0000 [MT] Skipping profile for item: <IDEDistributionItem: 0x750174480; bundleID='io.flutter.flutter.app', path='<DVTFilePath:0x74fb0a700:'/Users/abiral/Desktop/Projects/esewa_project/add_to_app_ios/build/add_to_app_ios.xcarchive/Products/Applications/add_to_app_ios.app/Frameworks/App.framework'>', codeSigningInfo='<_DVTCodeSigningInformation_Path: 0x750174420; isSigned='1', isAdHocSigned='0', signingCertificate='<DVTSigningCertificate: 0x74f9dad00; name='Apple Development: abiral.pokhrel@asteriskhubs.com (Z96JMA43XS)', hash='754A05FBD997C0C8AE354F6D16E21EACEACBAB82', serialNumber='4967C1125F14EEA2045131446C79E5E6', certificateKinds='(
    "1.2.840.113635.100.6.1.12",
    "1.2.840.113635.100.6.1.2"
), issueDate='2025-06-06 4:14:35 AM +0000''>', entitlements='(null)', teamID='7U5YQ8C3UM', identifier='io.flutter.flutter.app', executablePath='<DVTFilePath:0x74fb0a9a0:'/Users/abiral/Desktop/Projects/esewa_project/add_to_app_ios/build/add_to_app_ios.xcarchive/Products/Applications/add_to_app_ios.app/Frameworks/App.framework/App'>', hardenedRuntime='0'>'>
2025-11-24 3:46:56 PM +0000 [MT] Skipping profile for item: <IDEDistributionItem: 0x7501744e0; bundleID='io.flutter.flutter', path='<DVTFilePath:0x74fba1c70:'/Users/abiral/Desktop/Projects/esewa_project/add_to_app_ios/build/add_to_app_ios.xcarchive/Products/Applications/add_to_app_ios.app/Frameworks/Flutter.framework'>', codeSigningInfo='<_DVTCodeSigningInformation_Path: 0x750174540; isSigned='1', isAdHocSigned='0', signingCertificate='<DVTSigningCertificate: 0x74f9dad00; name='Apple Development: abiral.pokhrel@asteriskhubs.com (Z96JMA43XS)', hash='754A05FBD997C0C8AE354F6D16E21EACEACBAB82', serialNumber='4967C1125F14EEA2045131446C79E5E6', certificateKinds='(
    "1.2.840.113635.100.6.1.12",
    "1.2.840.113635.100.6.1.2"
), issueDate='2025-06-06 4:14:35 AM +0000''>', entitlements='(null)', teamID='7U5YQ8C3UM', identifier='io.flutter.flutter', executablePath='<DVTFilePath:0x74fb09980:'/Users/abiral/Desktop/Projects/esewa_project/add_to_app_ios/build/add_to_app_ios.xcarchive/Products/Applications/add_to_app_ios.app/Frameworks/Flutter.framework/Flutter'>', hardenedRuntime='0'>'>
2025-11-24 3:46:56 PM +0000 [MT] Skipping profile for item: <IDEDistributionItem: 0x7501745a0; bundleID='org.cocoapods.shared-preferences-foundation', path='<DVTFilePath:0x74fbc4300:'/Users/abiral/Desktop/Projects/esewa_project/add_to_app_ios/build/add_to_app_ios.xcarchive/Products/Applications/add_to_app_ios.app/Frameworks/shared_preferences_foundation.framework'>', codeSigningInfo='<_DVTCodeSigningInformation_Path: 0x750174600; isSigned='1', isAdHocSigned='0', signingCertificate='<DVTSigningCertificate: 0x74f9dad00; name='Apple Development: abiral.pokhrel@asteriskhubs.com (Z96JMA43XS)', hash='754A05FBD997C0C8AE354F6D16E21EACEACBAB82', serialNumber='4967C1125F14EEA2045131446C79E5E6', certificateKinds='(
    "1.2.840.113635.100.6.1.12",
    "1.2.840.113635.100.6.1.2"
), issueDate='2025-06-06 4:14:35 AM +0000''>', entitlements='(null)', teamID='7U5YQ8C3UM', identifier='org.cocoapods.shared-preferences-foundation', executablePath='<DVTFilePath:0x74fba38e0:'/Users/abiral/Desktop/Projects/esewa_project/add_to_app_ios/build/add_to_app_ios.xcarchive/Products/Applications/add_to_app_ios.app/Frameworks/shared_preferences_foundation.framework/shared_preferences_foundation'>', hardenedRuntime='0'>'>
2025-11-24 3:46:56 PM +0000 [MT] Processing step: IDEDistributionInfoPlistStep
2025-11-24 3:46:56 PM +0000 [MT] Skipping step: IDEDistributionInfoPlistStep because it said so
2025-11-24 3:46:56 PM +0000 [MT] Skipping step: IDEDistributionInfoPlistStep because it said so
2025-11-24 3:46:56 PM +0000 [MT] Skipping step: IDEDistributionInfoPlistStep because it said so
2025-11-24 3:46:56 PM +0000 [MT] Skipping step: IDEDistributionInfoPlistStep because it said so
2025-11-24 3:46:56 PM +0000 [MT] Processing step: IDEDistributionAppThinningPlistStep
2025-11-24 3:46:56 PM +0000 [MT] Skipping step: IDEDistributionAppThinningPlistStep because it said so
2025-11-24 3:46:56 PM +0000 [MT] Processing step: IDEDistributionSymbolsStep
2025-11-24 3:46:56 PM +0000 [MT] Skipping step: IDEDistributionSymbolsStep because it said so
2025-11-24 3:46:56 PM +0000 [MT] Processing step: IDEDistributionAppThinningStep
2025-11-24 3:46:56 PM +0000 [MT] Skipping step: IDEDistributionAppThinningStep because it said so
2025-11-24 3:46:56 PM +0000 [MT] Processing step: IDEDistributionArchThinningStep
2025-11-24 3:46:56 PM +0000 [MT] Archs to thin for item /Users/abiral/Desktop/Projects/esewa_project/add_to_app_ios/build/add_to_app_ios.xcarchive/Products/Applications/add_to_app_ios.app/Frameworks/App.framework are []
2025-11-24 3:46:56 PM +0000 [MT] Archs to thin for item /Users/abiral/Desktop/Projects/esewa_project/add_to_app_ios/build/add_to_app_ios.xcarchive/Products/Applications/add_to_app_ios.app/Frameworks/Flutter.framework are []
2025-11-24 3:46:56 PM +0000 [MT] Archs to thin for item /Users/abiral/Desktop/Projects/esewa_project/add_to_app_ios/build/add_to_app_ios.xcarchive/Products/Applications/add_to_app_ios.app/Frameworks/shared_preferences_foundation.framework are []
2025-11-24 3:46:56 PM +0000 [MT] Archs to thin for item /Users/abiral/Desktop/Projects/esewa_project/add_to_app_ios/build/add_to_app_ios.xcarchive/Products/Applications/add_to_app_ios.app are []
2025-11-24 3:46:56 PM +0000 [MT] Processing step: IDEDistributionODRStep
2025-11-24 3:46:56 PM +0000 [MT] Processing step: IDEDistributionStripXattrsStep
2025-11-24 3:46:56 PM +0000 [MT] Skipping stripping extended attributes because the codesign step will strip them.
2025-11-24 3:46:56 PM +0000 [MT] Skipping stripping extended attributes because the codesign step will strip them.
2025-11-24 3:46:56 PM +0000 [MT] Skipping stripping extended attributes because the codesign step will strip them.
2025-11-24 3:46:56 PM +0000 [MT] Skipping stripping extended attributes because the codesign step will strip them.
2025-11-24 3:46:56 PM +0000 [MT] Processing step: IDEDistributionCodesignStep
2025-11-24 3:46:56 PM +0000 [MT] Entitlements for <IDEDistributionItem: 0x750174480; bundleID='io.flutter.flutter.app', path='<DVTFilePath:0x74fb0a700:'/Users/abiral/Desktop/Projects/esewa_project/add_to_app_ios/build/add_to_app_ios.xcarchive/Products/Applications/add_to_app_ios.app/Frameworks/App.framework'>', codeSigningInfo='<_DVTCodeSigningInformation_Path: 0x750174420; isSigned='1', isAdHocSigned='0', signingCertificate='<DVTSigningCertificate: 0x74f9dad00; name='Apple Development: abiral.pokhrel@asteriskhubs.com (Z96JMA43XS)', hash='754A05FBD997C0C8AE354F6D16E21EACEACBAB82', serialNumber='4967C1125F14EEA2045131446C79E5E6', certificateKinds='(
    "1.2.840.113635.100.6.1.12",
    "1.2.840.113635.100.6.1.2"
), issueDate='2025-06-06 4:14:35 AM +0000''>', entitlements='(null)', teamID='7U5YQ8C3UM', identifier='io.flutter.flutter.app', executablePath='<DVTFilePath:0x74fb0a9a0:'/Users/abiral/Desktop/Projects/esewa_project/add_to_app_ios/build/add_to_app_ios.xcarchive/Products/Applications/add_to_app_ios.app/Frameworks/App.framework/App'>', hardenedRuntime='0'>'>: {
}
2025-11-24 3:46:56 PM +0000 [MT] Associated App Clip Identifiers Filter: Skipping because "com.apple.developer.associated-appclip-app-identifiers" is not present
2025-11-24 3:46:57 PM +0000 [MT] Entitlements for <IDEDistributionItem: 0x750174480; bundleID='io.flutter.flutter.app', path='<DVTFilePath:0x74fb0a700:'/Users/abiral/Desktop/Projects/esewa_project/add_to_app_ios/build/add_to_app_ios.xcarchive/Products/Applications/add_to_app_ios.app/Frameworks/App.framework'>', codeSigningInfo='<_DVTCodeSigningInformation_Path: 0x750174420; isSigned='1', isAdHocSigned='0', signingCertificate='<DVTSigningCertificate: 0x74f9da040; name='Apple Development: abiral.pokhrel@asteriskhubs.com (Z96JMA43XS)', hash='754A05FBD997C0C8AE354F6D16E21EACEACBAB82', serialNumber='4967C1125F14EEA2045131446C79E5E6', certificateKinds='(
    "1.2.840.113635.100.6.1.12",
    "1.2.840.113635.100.6.1.2"
), issueDate='2025-06-06 4:14:35 AM +0000''>', entitlements='(null)', teamID='7U5YQ8C3UM', identifier='io.flutter.flutter.app', executablePath='<DVTFilePath:0x74fb0a9a0:'/Users/abiral/Desktop/Projects/esewa_project/add_to_app_ios/build/add_to_app_ios.xcarchive/Products/Applications/add_to_app_ios.app/Frameworks/App.framework/App'>', hardenedRuntime='0'>'> are: {
}
2025-11-24 3:46:57 PM +0000 [MT] Writing entitlements for <IDEDistributionItem: 0x750174480; bundleID='io.flutter.flutter.app', path='<DVTFilePath:0x74fb0a700:'/Users/abiral/Desktop/Projects/esewa_project/add_to_app_ios/build/add_to_app_ios.xcarchive/Products/Applications/add_to_app_ios.app/Frameworks/App.framework'>', codeSigningInfo='<_DVTCodeSigningInformation_Path: 0x750174420; isSigned='1', isAdHocSigned='0', signingCertificate='<DVTSigningCertificate: 0x74f9da040; name='Apple Development: abiral.pokhrel@asteriskhubs.com (Z96JMA43XS)', hash='754A05FBD997C0C8AE354F6D16E21EACEACBAB82', serialNumber='4967C1125F14EEA2045131446C79E5E6', certificateKinds='(
    "1.2.840.113635.100.6.1.12",
    "1.2.840.113635.100.6.1.2"
), issueDate='2025-06-06 4:14:35 AM +0000''>', entitlements='(null)', teamID='7U5YQ8C3UM', identifier='io.flutter.flutter.app', executablePath='<DVTFilePath:0x74fb0a9a0:'/Users/abiral/Desktop/Projects/esewa_project/add_to_app_ios/build/add_to_app_ios.xcarchive/Products/Applications/add_to_app_ios.app/Frameworks/App.framework/App'>', hardenedRuntime='0'>'> to: /var/folders/mq/p8cmhyj97hsf8g88_2h6jmtr0000gp/T/XcodeDistPipeline.~~~qw9b2i/entitlements~~~6WYRaZ
2025-11-24 3:46:57 PM +0000 [MT] invoking codesign: <NSConcreteTask: 0x74d8ff3e0; launchPath='/usr/bin/codesign', arguments='(
    "-f",
    "-s",
    754A05FBD997C0C8AE354F6D16E21EACEACBAB82,
    "--entitlements",
    "/var/folders/mq/p8cmhyj97hsf8g88_2h6jmtr0000gp/T/XcodeDistPipeline.~~~qw9b2i/entitlements~~~6WYRaZ",
    "--preserve-metadata=identifier,flags,runtime,launch-constraints,library-constraints",
    "--generate-entitlement-der",
    "--strip-disallowed-xattrs",
    "-vvv",
    "/var/folders/mq/p8cmhyj97hsf8g88_2h6jmtr0000gp/T/XcodeDistPipeline.~~~qw9b2i/Root/Payload/add_to_app_ios.app/Frameworks/App.framework"
)'>
2025-11-24 3:46:57 PM +0000 [MT] codesign output: /var/folders/mq/p8cmhyj97hsf8g88_2h6jmtr0000gp/T/XcodeDistPipeline.~~~qw9b2i/Root/Payload/add_to_app_ios.app/Frameworks/App.framework: replacing existing signature
/var/folders/mq/p8cmhyj97hsf8g88_2h6jmtr0000gp/T/XcodeDistPipeline.~~~qw9b2i/Root/Payload/add_to_app_ios.app/Frameworks/App.framework: signed bundle with Mach-O universal (arm64) [io.flutter.flutter.app]
2025-11-24 3:46:57 PM +0000 [MT] Entitlements for <IDEDistributionItem: 0x7501744e0; bundleID='io.flutter.flutter', path='<DVTFilePath:0x74fba1c70:'/Users/abiral/Desktop/Projects/esewa_project/add_to_app_ios/build/add_to_app_ios.xcarchive/Products/Applications/add_to_app_ios.app/Frameworks/Flutter.framework'>', codeSigningInfo='<_DVTCodeSigningInformation_Path: 0x750174540; isSigned='1', isAdHocSigned='0', signingCertificate='<DVTSigningCertificate: 0x74f9dad00; name='Apple Development: abiral.pokhrel@asteriskhubs.com (Z96JMA43XS)', hash='754A05FBD997C0C8AE354F6D16E21EACEACBAB82', serialNumber='4967C1125F14EEA2045131446C79E5E6', certificateKinds='(
    "1.2.840.113635.100.6.1.12",
    "1.2.840.113635.100.6.1.2"
), issueDate='2025-06-06 4:14:35 AM +0000''>', entitlements='(null)', teamID='7U5YQ8C3UM', identifier='io.flutter.flutter', executablePath='<DVTFilePath:0x74fb09980:'/Users/abiral/Desktop/Projects/esewa_project/add_to_app_ios/build/add_to_app_ios.xcarchive/Products/Applications/add_to_app_ios.app/Frameworks/Flutter.framework/Flutter'>', hardenedRuntime='0'>'>: {
}
2025-11-24 3:46:57 PM +0000 [MT] Associated App Clip Identifiers Filter: Skipping because "com.apple.developer.associated-appclip-app-identifiers" is not present
2025-11-24 3:46:57 PM +0000 [MT] Entitlements for <IDEDistributionItem: 0x7501744e0; bundleID='io.flutter.flutter', path='<DVTFilePath:0x74fba1c70:'/Users/abiral/Desktop/Projects/esewa_project/add_to_app_ios/build/add_to_app_ios.xcarchive/Products/Applications/add_to_app_ios.app/Frameworks/Flutter.framework'>', codeSigningInfo='<_DVTCodeSigningInformation_Path: 0x750174540; isSigned='1', isAdHocSigned='0', signingCertificate='<DVTSigningCertificate: 0x74f9da040; name='Apple Development: abiral.pokhrel@asteriskhubs.com (Z96JMA43XS)', hash='754A05FBD997C0C8AE354F6D16E21EACEACBAB82', serialNumber='4967C1125F14EEA2045131446C79E5E6', certificateKinds='(
    "1.2.840.113635.100.6.1.12",
    "1.2.840.113635.100.6.1.2"
), issueDate='2025-06-06 4:14:35 AM +0000''>', entitlements='(null)', teamID='7U5YQ8C3UM', identifier='io.flutter.flutter', executablePath='<DVTFilePath:0x74fb09980:'/Users/abiral/Desktop/Projects/esewa_project/add_to_app_ios/build/add_to_app_ios.xcarchive/Products/Applications/add_to_app_ios.app/Frameworks/Flutter.framework/Flutter'>', hardenedRuntime='0'>'> are: {
}
2025-11-24 3:46:57 PM +0000 [MT] Writing entitlements for <IDEDistributionItem: 0x7501744e0; bundleID='io.flutter.flutter', path='<DVTFilePath:0x74fba1c70:'/Users/abiral/Desktop/Projects/esewa_project/add_to_app_ios/build/add_to_app_ios.xcarchive/Products/Applications/add_to_app_ios.app/Frameworks/Flutter.framework'>', codeSigningInfo='<_DVTCodeSigningInformation_Path: 0x750174540; isSigned='1', isAdHocSigned='0', signingCertificate='<DVTSigningCertificate: 0x74f9da040; name='Apple Development: abiral.pokhrel@asteriskhubs.com (Z96JMA43XS)', hash='754A05FBD997C0C8AE354F6D16E21EACEACBAB82', serialNumber='4967C1125F14EEA2045131446C79E5E6', certificateKinds='(
    "1.2.840.113635.100.6.1.12",
    "1.2.840.113635.100.6.1.2"
), issueDate='2025-06-06 4:14:35 AM +0000''>', entitlements='(null)', teamID='7U5YQ8C3UM', identifier='io.flutter.flutter', executablePath='<DVTFilePath:0x74fb09980:'/Users/abiral/Desktop/Projects/esewa_project/add_to_app_ios/build/add_to_app_ios.xcarchive/Products/Applications/add_to_app_ios.app/Frameworks/Flutter.framework/Flutter'>', hardenedRuntime='0'>'> to: /var/folders/mq/p8cmhyj97hsf8g88_2h6jmtr0000gp/T/XcodeDistPipeline.~~~qw9b2i/entitlements~~~2dINfG
2025-11-24 3:46:57 PM +0000 [MT] invoking codesign: <NSConcreteTask: 0x74d8ff520; launchPath='/usr/bin/codesign', arguments='(
    "-f",
    "-s",
    754A05FBD997C0C8AE354F6D16E21EACEACBAB82,
    "--entitlements",
    "/var/folders/mq/p8cmhyj97hsf8g88_2h6jmtr0000gp/T/XcodeDistPipeline.~~~qw9b2i/entitlements~~~2dINfG",
    "--preserve-metadata=identifier,flags,runtime,launch-constraints,library-constraints",
    "--generate-entitlement-der",
    "--strip-disallowed-xattrs",
    "-vvv",
    "/var/folders/mq/p8cmhyj97hsf8g88_2h6jmtr0000gp/T/XcodeDistPipeline.~~~qw9b2i/Root/Payload/add_to_app_ios.app/Frameworks/Flutter.framework"
)'>
2025-11-24 3:46:57 PM +0000 [MT] codesign output: /var/folders/mq/p8cmhyj97hsf8g88_2h6jmtr0000gp/T/XcodeDistPipeline.~~~qw9b2i/Root/Payload/add_to_app_ios.app/Frameworks/Flutter.framework: replacing existing signature
/var/folders/mq/p8cmhyj97hsf8g88_2h6jmtr0000gp/T/XcodeDistPipeline.~~~qw9b2i/Root/Payload/add_to_app_ios.app/Frameworks/Flutter.framework: signed bundle with Mach-O thin (arm64) [io.flutter.flutter]
2025-11-24 3:46:57 PM +0000 [MT] Entitlements for <IDEDistributionItem: 0x7501745a0; bundleID='org.cocoapods.shared-preferences-foundation', path='<DVTFilePath:0x74fbc4300:'/Users/abiral/Desktop/Projects/esewa_project/add_to_app_ios/build/add_to_app_ios.xcarchive/Products/Applications/add_to_app_ios.app/Frameworks/shared_preferences_foundation.framework'>', codeSigningInfo='<_DVTCodeSigningInformation_Path: 0x750174600; isSigned='1', isAdHocSigned='0', signingCertificate='<DVTSigningCertificate: 0x74f9dad00; name='Apple Development: abiral.pokhrel@asteriskhubs.com (Z96JMA43XS)', hash='754A05FBD997C0C8AE354F6D16E21EACEACBAB82', serialNumber='4967C1125F14EEA2045131446C79E5E6', certificateKinds='(
    "1.2.840.113635.100.6.1.12",
    "1.2.840.113635.100.6.1.2"
), issueDate='2025-06-06 4:14:35 AM +0000''>', entitlements='(null)', teamID='7U5YQ8C3UM', identifier='org.cocoapods.shared-preferences-foundation', executablePath='<DVTFilePath:0x74fba38e0:'/Users/abiral/Desktop/Projects/esewa_project/add_to_app_ios/build/add_to_app_ios.xcarchive/Products/Applications/add_to_app_ios.app/Frameworks/shared_preferences_foundation.framework/shared_preferences_foundation'>', hardenedRuntime='0'>'>: {
}
2025-11-24 3:46:57 PM +0000 [MT] Associated App Clip Identifiers Filter: Skipping because "com.apple.developer.associated-appclip-app-identifiers" is not present
2025-11-24 3:46:57 PM +0000 [MT] Entitlements for <IDEDistributionItem: 0x7501745a0; bundleID='org.cocoapods.shared-preferences-foundation', path='<DVTFilePath:0x74fbc4300:'/Users/abiral/Desktop/Projects/esewa_project/add_to_app_ios/build/add_to_app_ios.xcarchive/Products/Applications/add_to_app_ios.app/Frameworks/shared_preferences_foundation.framework'>', codeSigningInfo='<_DVTCodeSigningInformation_Path: 0x750174600; isSigned='1', isAdHocSigned='0', signingCertificate='<DVTSigningCertificate: 0x74f9da040; name='Apple Development: abiral.pokhrel@asteriskhubs.com (Z96JMA43XS)', hash='754A05FBD997C0C8AE354F6D16E21EACEACBAB82', serialNumber='4967C1125F14EEA2045131446C79E5E6', certificateKinds='(
    "1.2.840.113635.100.6.1.12",
    "1.2.840.113635.100.6.1.2"
), issueDate='2025-06-06 4:14:35 AM +0000''>', entitlements='(null)', teamID='7U5YQ8C3UM', identifier='org.cocoapods.shared-preferences-foundation', executablePath='<DVTFilePath:0x74fba38e0:'/Users/abiral/Desktop/Projects/esewa_project/add_to_app_ios/build/add_to_app_ios.xcarchive/Products/Applications/add_to_app_ios.app/Frameworks/shared_preferences_foundation.framework/shared_preferences_foundation'>', hardenedRuntime='0'>'> are: {
}
2025-11-24 3:46:57 PM +0000 [MT] Writing entitlements for <IDEDistributionItem: 0x7501745a0; bundleID='org.cocoapods.shared-preferences-foundation', path='<DVTFilePath:0x74fbc4300:'/Users/abiral/Desktop/Projects/esewa_project/add_to_app_ios/build/add_to_app_ios.xcarchive/Products/Applications/add_to_app_ios.app/Frameworks/shared_preferences_foundation.framework'>', codeSigningInfo='<_DVTCodeSigningInformation_Path: 0x750174600; isSigned='1', isAdHocSigned='0', signingCertificate='<DVTSigningCertificate: 0x74f9da040; name='Apple Development: abiral.pokhrel@asteriskhubs.com (Z96JMA43XS)', hash='754A05FBD997C0C8AE354F6D16E21EACEACBAB82', serialNumber='4967C1125F14EEA2045131446C79E5E6', certificateKinds='(
    "1.2.840.113635.100.6.1.12",
    "1.2.840.113635.100.6.1.2"
), issueDate='2025-06-06 4:14:35 AM +0000''>', entitlements='(null)', teamID='7U5YQ8C3UM', identifier='org.cocoapods.shared-preferences-foundation', executablePath='<DVTFilePath:0x74fba38e0:'/Users/abiral/Desktop/Projects/esewa_project/add_to_app_ios/build/add_to_app_ios.xcarchive/Products/Applications/add_to_app_ios.app/Frameworks/shared_preferences_foundation.framework/shared_preferences_foundation'>', hardenedRuntime='0'>'> to: /var/folders/mq/p8cmhyj97hsf8g88_2h6jmtr0000gp/T/XcodeDistPipeline.~~~qw9b2i/entitlements~~~9YstK1
2025-11-24 3:46:57 PM +0000 [MT] invoking codesign: <NSConcreteTask: 0x74d8ff520; launchPath='/usr/bin/codesign', arguments='(
    "-f",
    "-s",
    754A05FBD997C0C8AE354F6D16E21EACEACBAB82,
    "--entitlements",
    "/var/folders/mq/p8cmhyj97hsf8g88_2h6jmtr0000gp/T/XcodeDistPipeline.~~~qw9b2i/entitlements~~~9YstK1",
    "--preserve-metadata=identifier,flags,runtime,launch-constraints,library-constraints",
    "--generate-entitlement-der",
    "--strip-disallowed-xattrs",
    "-vvv",
    "/var/folders/mq/p8cmhyj97hsf8g88_2h6jmtr0000gp/T/XcodeDistPipeline.~~~qw9b2i/Root/Payload/add_to_app_ios.app/Frameworks/shared_preferences_foundation.framework"
)'>
2025-11-24 3:46:57 PM +0000 [MT] codesign output: /var/folders/mq/p8cmhyj97hsf8g88_2h6jmtr0000gp/T/XcodeDistPipeline.~~~qw9b2i/Root/Payload/add_to_app_ios.app/Frameworks/shared_preferences_foundation.framework: replacing existing signature
/var/folders/mq/p8cmhyj97hsf8g88_2h6jmtr0000gp/T/XcodeDistPipeline.~~~qw9b2i/Root/Payload/add_to_app_ios.app/Frameworks/shared_preferences_foundation.framework: signed bundle with Mach-O thin (arm64) [org.cocoapods.shared-preferences-foundation]
2025-11-24 3:46:57 PM +0000 [MT] Entitlements for <IDEDistributionItem: 0x750174660; bundleID='com.example.addtoapp', path='<DVTFilePath:0x74fa574f0:'/Users/abiral/Desktop/Projects/esewa_project/add_to_app_ios/build/add_to_app_ios.xcarchive/Products/Applications/add_to_app_ios.app'>', codeSigningInfo='<_DVTCodeSigningInformation_Path: 0x7501746c0; isSigned='1', isAdHocSigned='0', signingCertificate='<DVTSigningCertificate: 0x74f9dad00; name='Apple Development: abiral.pokhrel@asteriskhubs.com (Z96JMA43XS)', hash='754A05FBD997C0C8AE354F6D16E21EACEACBAB82', serialNumber='4967C1125F14EEA2045131446C79E5E6', certificateKinds='(
    "1.2.840.113635.100.6.1.12",
    "1.2.840.113635.100.6.1.2"
), issueDate='2025-06-06 4:14:35 AM +0000''>', entitlements='{
    "application-identifier" = "7U5YQ8C3UM.com.example.addtoapp";
    "com.apple.developer.team-identifier" = 7U5YQ8C3UM;
    "get-task-allow" = 1;
}', teamID='7U5YQ8C3UM', identifier='com.example.addtoapp', executablePath='<DVTFilePath:0x74fb08960:'/Users/abiral/Desktop/Projects/esewa_project/add_to_app_ios/build/add_to_app_ios.xcarchive/Products/Applications/add_to_app_ios.app/add_to_app_ios'>', hardenedRuntime='0'>'>: {
    "application-identifier" = "7U5YQ8C3UM.com.example.addtoapp";
    "com.apple.developer.team-identifier" = 7U5YQ8C3UM;
    "get-task-allow" = 1;
}
2025-11-24 3:46:57 PM +0000 [MT] Associated App Clip Identifiers Filter: Skipping because "com.apple.developer.associated-appclip-app-identifiers" is not present
2025-11-24 3:46:57 PM +0000 [MT] Entitlements for <IDEDistributionItem: 0x750174660; bundleID='com.example.addtoapp', path='<DVTFilePath:0x74fa574f0:'/Users/abiral/Desktop/Projects/esewa_project/add_to_app_ios/build/add_to_app_ios.xcarchive/Products/Applications/add_to_app_ios.app'>', codeSigningInfo='<_DVTCodeSigningInformation_Path: 0x7501746c0; isSigned='1', isAdHocSigned='0', signingCertificate='<DVTSigningCertificate: 0x74f9da040; name='Apple Development: abiral.pokhrel@asteriskhubs.com (Z96JMA43XS)', hash='754A05FBD997C0C8AE354F6D16E21EACEACBAB82', serialNumber='4967C1125F14EEA2045131446C79E5E6', certificateKinds='(
    "1.2.840.113635.100.6.1.12",
    "1.2.840.113635.100.6.1.2"
), issueDate='2025-06-06 4:14:35 AM +0000''>', entitlements='{
    "application-identifier" = "7U5YQ8C3UM.com.example.addtoapp";
    "com.apple.developer.team-identifier" = 7U5YQ8C3UM;
    "get-task-allow" = 1;
}', teamID='7U5YQ8C3UM', identifier='com.example.addtoapp', executablePath='<DVTFilePath:0x74fb08960:'/Users/abiral/Desktop/Projects/esewa_project/add_to_app_ios/build/add_to_app_ios.xcarchive/Products/Applications/add_to_app_ios.app/add_to_app_ios'>', hardenedRuntime='0'>'> are: {
    "application-identifier" = "7U5YQ8C3UM.com.example.addtoapp";
    "com.apple.developer.team-identifier" = 7U5YQ8C3UM;
    "get-task-allow" = 1;
}
2025-11-24 3:46:57 PM +0000 [MT] Writing entitlements for <IDEDistributionItem: 0x750174660; bundleID='com.example.addtoapp', path='<DVTFilePath:0x74fa574f0:'/Users/abiral/Desktop/Projects/esewa_project/add_to_app_ios/build/add_to_app_ios.xcarchive/Products/Applications/add_to_app_ios.app'>', codeSigningInfo='<_DVTCodeSigningInformation_Path: 0x7501746c0; isSigned='1', isAdHocSigned='0', signingCertificate='<DVTSigningCertificate: 0x74f9da040; name='Apple Development: abiral.pokhrel@asteriskhubs.com (Z96JMA43XS)', hash='754A05FBD997C0C8AE354F6D16E21EACEACBAB82', serialNumber='4967C1125F14EEA2045131446C79E5E6', certificateKinds='(
    "1.2.840.113635.100.6.1.12",
    "1.2.840.113635.100.6.1.2"
), issueDate='2025-06-06 4:14:35 AM +0000''>', entitlements='{
    "application-identifier" = "7U5YQ8C3UM.com.example.addtoapp";
    "com.apple.developer.team-identifier" = 7U5YQ8C3UM;
    "get-task-allow" = 1;
}', teamID='7U5YQ8C3UM', identifier='com.example.addtoapp', executablePath='<DVTFilePath:0x74fb08960:'/Users/abiral/Desktop/Projects/esewa_project/add_to_app_ios/build/add_to_app_ios.xcarchive/Products/Applications/add_to_app_ios.app/add_to_app_ios'>', hardenedRuntime='0'>'> to: /var/folders/mq/p8cmhyj97hsf8g88_2h6jmtr0000gp/T/XcodeDistPipeline.~~~qw9b2i/entitlements~~~PLUn2H
2025-11-24 3:46:57 PM +0000 [MT] invoking codesign: <NSConcreteTask: 0x74d8ff520; launchPath='/usr/bin/codesign', arguments='(
    "-f",
    "-s",
    754A05FBD997C0C8AE354F6D16E21EACEACBAB82,
    "--entitlements",
    "/var/folders/mq/p8cmhyj97hsf8g88_2h6jmtr0000gp/T/XcodeDistPipeline.~~~qw9b2i/entitlements~~~PLUn2H",
    "--preserve-metadata=identifier,flags,runtime,launch-constraints,library-constraints",
    "--generate-entitlement-der",
    "--strip-disallowed-xattrs",
    "-vvv",
    "/var/folders/mq/p8cmhyj97hsf8g88_2h6jmtr0000gp/T/XcodeDistPipeline.~~~qw9b2i/Root/Payload/add_to_app_ios.app"
)'>
2025-11-24 3:46:57 PM +0000 [MT] codesign output: /var/folders/mq/p8cmhyj97hsf8g88_2h6jmtr0000gp/T/XcodeDistPipeline.~~~qw9b2i/Root/Payload/add_to_app_ios.app: replacing existing signature
/var/folders/mq/p8cmhyj97hsf8g88_2h6jmtr0000gp/T/XcodeDistPipeline.~~~qw9b2i/Root/Payload/add_to_app_ios.app: signed app bundle with Mach-O thin (arm64) [com.example.addtoapp]
2025-11-24 3:46:57 PM +0000 [MT] Processing step: IDEDistributionZipODRItemStep
2025-11-24 3:46:57 PM +0000 [MT] Skipping step: IDEDistributionZipODRItemStep because it said so
2025-11-24 3:46:57 PM +0000 [MT] Skipping step: IDEDistributionZipODRItemStep because it said so
2025-11-24 3:46:57 PM +0000 [MT] Skipping step: IDEDistributionZipODRItemStep because it said so
2025-11-24 3:46:57 PM +0000 [MT] Skipping step: IDEDistributionZipODRItemStep because it said so
2025-11-24 3:46:57 PM +0000 [MT] Processing step: IDEDistributionCreateIPAStep
2025-11-24 3:46:57 PM +0000 [MT] Running /usr/bin/ditto '-V' '-c' '-k' '--norsrc' '/var/folders/mq/p8cmhyj97hsf8g88_2h6jmtr0000gp/T/XcodeDistPipeline.~~~qw9b2i/Root' '/var/folders/mq/p8cmhyj97hsf8g88_2h6jmtr0000gp/T/XcodeDistPipeline.~~~qw9b2i/Packages/add_to_app_ios.ipa'
2025-11-24 3:46:57 PM +0000  >>> Copying /var/folders/mq/p8cmhyj97hsf8g88_2h6jmtr0000gp/T/XcodeDistPipeline.~~~qw9b2i/Root 
2025-11-24 3:46:57 PM +0000  copying file ./Payload/add_to_app_ios.app/_CodeSignature/CodeResources ... 
2025-11-24 3:46:57 PM +0000  16067 bytes for ./Payload/add_to_app_ios.app/_CodeSignature/CodeResources
2025-11-24 3:46:57 PM +0000  copying file ./Payload/add_to_app_ios.app/add_to_app_ios ... 
2025-11-24 3:46:57 PM +0000  112704 bytes for ./Payload/add_to_app_ios.app/add_to_app_ios
2025-11-24 3:46:57 PM +0000  copying file ./Payload/add_to_app_ios.app/Base.lproj/Main.storyboardc/UIViewController-BYZ-38-t0r.nib ... 
2025-11-24 3:46:57 PM +0000  1005 bytes for ./Payload/add_to_app_ios.app/Base.lproj/Main.storyboardc/UIViewController-BYZ-38-t0r.nib
2025-11-24 3:46:57 PM +0000  copying file ./Payload/add_to_app_ios.app/Base.lproj/Main.storyboardc/BYZ-38-t0r-view-8bC-Xf-vdC.nib ... 
2025-11-24 3:46:57 PM +0000  4929 bytes for ./Payload/add_to_app_ios.app/Base.lproj/Main.storyboardc/BYZ-38-t0r-view-8bC-Xf-vdC.nib
2025-11-24 3:46:57 PM +0000  copying file ./Payload/add_to_app_ios.app/Base.lproj/Main.storyboardc/Info.plist ... 
2025-11-24 3:46:57 PM +0000  258 bytes for ./Payload/add_to_app_ios.app/Base.lproj/Main.storyboardc/Info.plist
2025-11-24 3:46:57 PM +0000  copying file ./Payload/add_to_app_ios.app/Base.lproj/LaunchScreen.storyboardc/01J-lp-oVM-view-Ze5-6b-2t3.nib ... 
2025-11-24 3:46:57 PM +0000  1225 bytes for ./Payload/add_to_app_ios.app/Base.lproj/LaunchScreen.storyboardc/01J-lp-oVM-view-Ze5-6b-2t3.nib
2025-11-24 3:46:57 PM +0000  copying file ./Payload/add_to_app_ios.app/Base.lproj/LaunchScreen.storyboardc/UIViewController-01J-lp-oVM.nib ... 
2025-11-24 3:46:57 PM +0000  924 bytes for ./Payload/add_to_app_ios.app/Base.lproj/LaunchScreen.storyboardc/UIViewController-01J-lp-oVM.nib
2025-11-24 3:46:57 PM +0000  copying file ./Payload/add_to_app_ios.app/Base.lproj/LaunchScreen.storyboardc/Info.plist ... 
2025-11-24 3:46:57 PM +0000  258 bytes for ./Payload/add_to_app_ios.app/Base.lproj/LaunchScreen.storyboardc/Info.plist
2025-11-24 3:46:57 PM +0000  copying file ./Payload/add_to_app_ios.app/Frameworks/Flutter.framework/_CodeSignature/CodeResources ... 
2025-11-24 3:46:57 PM +0000  6822 bytes for ./Payload/add_to_app_ios.app/Frameworks/Flutter.framework/_CodeSignature/CodeResources
2025-11-24 3:46:57 PM +0000  copying file ./Payload/add_to_app_ios.app/Frameworks/Flutter.framework/icudtl.dat ... 
2025-11-24 3:46:57 PM +0000  778864 bytes for ./Payload/add_to_app_ios.app/Frameworks/Flutter.framework/icudtl.dat
copying file ./Payload/add_to_app_ios.app/Frameworks/Flutter.framework/Flutter ... 
2025-11-24 3:46:57 PM +0000  8577616 bytes for ./Payload/add_to_app_ios.app/Frameworks/Flutter.framework/Flutter
2025-11-24 3:46:57 PM +0000  copying file ./Payload/add_to_app_ios.app/Frameworks/Flutter.framework/Headers/FlutterSceneDelegate.h ... 
813 bytes for ./Payload/add_to_app_ios.app/Frameworks/Flutter.framework/Headers/FlutterSceneDelegate.h
copying file ./Payload/add_to_app_ios.app/Frameworks/Flutter.framework/Headers/FlutterEngine.h ... 
2025-11-24 3:46:57 PM +0000  20339 bytes for ./Payload/add_to_app_ios.app/Frameworks/Flutter.framework/Headers/FlutterEngine.h
copying file ./Payload/add_to_app_ios.app/Frameworks/Flutter.framework/Headers/FlutterChannels.h ... 
2025-11-24 3:46:57 PM +0000  18414 bytes for ./Payload/add_to_app_ios.app/Frameworks/Flutter.framework/Headers/FlutterChannels.h
copying file ./Payload/add_to_app_ios.app/Frameworks/Flutter.framework/Headers/FlutterPlugin.h ... 
2025-11-24 3:46:57 PM +0000  16886 bytes for ./Payload/add_to_app_ios.app/Frameworks/Flutter.framework/Headers/FlutterPlugin.h
copying file ./Payload/add_to_app_ios.app/Frameworks/Flutter.framework/Headers/FlutterAppDelegate.h ... 
2025-11-24 3:46:57 PM +0000  1821 bytes for ./Payload/add_to_app_ios.app/Frameworks/Flutter.framework/Headers/FlutterAppDelegate.h
copying file ./Payload/add_to_app_ios.app/Frameworks/Flutter.framework/Headers/FlutterTexture.h ... 
2025-11-24 3:46:57 PM +0000  2263 bytes for ./Payload/add_to_app_ios.app/Frameworks/Flutter.framework/Headers/FlutterTexture.h
2025-11-24 3:46:57 PM +0000  copying file ./Payload/add_to_app_ios.app/Frameworks/Flutter.framework/Headers/FlutterEngineGroup.h ... 
2025-11-24 3:46:57 PM +0000  4755 bytes for ./Payload/add_to_app_ios.app/Frameworks/Flutter.framework/Headers/FlutterEngineGroup.h
2025-11-24 3:46:57 PM +0000  copying file ./Payload/add_to_app_ios.app/Frameworks/Flutter.framework/Headers/FlutterPlatformViews.h ... 
2025-11-24 3:46:57 PM +0000  1967 bytes for ./Payload/add_to_app_ios.app/Frameworks/Flutter.framework/Headers/FlutterPlatformViews.h
2025-11-24 3:46:57 PM +0000  copying file ./Payload/add_to_app_ios.app/Frameworks/Flutter.framework/Headers/FlutterHeadlessDartRunner.h ... 
2025-11-24 3:46:57 PM +0000  3927 bytes for ./Payload/add_to_app_ios.app/Frameworks/Flutter.framework/Headers/FlutterHeadlessDartRunner.h
2025-11-24 3:46:57 PM +0000  copying file ./Payload/add_to_app_ios.app/Frameworks/Flutter.framework/Headers/FlutterCodecs.h ... 
2025-11-24 3:46:57 PM +0000  15290 bytes for ./Payload/add_to_app_ios.app/Frameworks/Flutter.framework/Headers/FlutterCodecs.h
2025-11-24 3:46:57 PM +0000  copying file ./Payload/add_to_app_ios.app/Frameworks/Flutter.framework/Headers/Flutter.h ... 
2025-11-24 3:46:57 PM +0000  887 bytes for ./Payload/add_to_app_ios.app/Frameworks/Flutter.framework/Headers/Flutter.h
2025-11-24 3:46:57 PM +0000  copying file ./Payload/add_to_app_ios.app/Frameworks/Flutter.framework/Headers/FlutterViewController.h ... 
2025-11-24 3:46:57 PM +0000  10172 bytes for ./Payload/add_to_app_ios.app/Frameworks/Flutter.framework/Headers/FlutterViewController.h
2025-11-24 3:46:57 PM +0000  copying file ./Payload/add_to_app_ios.app/Frameworks/Flutter.framework/Headers/FlutterMacros.h ... 
2025-11-24 3:46:57 PM +0000  1823 bytes for ./Payload/add_to_app_ios.app/Frameworks/Flutter.framework/Headers/FlutterMacros.h
copying file ./Payload/add_to_app_ios.app/Frameworks/Flutter.framework/Headers/FlutterDartProject.h ... 
2025-11-24 3:46:57 PM +0000  3914 bytes for ./Payload/add_to_app_ios.app/Frameworks/Flutter.framework/Headers/FlutterDartProject.h
2025-11-24 3:46:57 PM +0000  copying file ./Payload/add_to_app_ios.app/Frameworks/Flutter.framework/Headers/FlutterHourFormat.h ... 
2025-11-24 3:46:57 PM +0000  536 bytes for ./Payload/add_to_app_ios.app/Frameworks/Flutter.framework/Headers/FlutterHourFormat.h
2025-11-24 3:46:57 PM +0000  copying file ./Payload/add_to_app_ios.app/Frameworks/Flutter.framework/Headers/FlutterPluginAppLifeCycleDelegate.h ... 
2025-11-24 3:46:57 PM +0000  5318 bytes for ./Payload/add_to_app_ios.app/Frameworks/Flutter.framework/Headers/FlutterPluginAppLifeCycleDelegate.h
2025-11-24 3:46:57 PM +0000  copying file ./Payload/add_to_app_ios.app/Frameworks/Flutter.framework/Headers/FlutterBinaryMessenger.h ... 
2025-11-24 3:46:57 PM +0000  3761 bytes for ./Payload/add_to_app_ios.app/Frameworks/Flutter.framework/Headers/FlutterBinaryMessenger.h
2025-11-24 3:46:57 PM +0000  copying file ./Payload/add_to_app_ios.app/Frameworks/Flutter.framework/Headers/FlutterCallbackCache.h ... 
2025-11-24 3:46:57 PM +0000  1724 bytes for ./Payload/add_to_app_ios.app/Frameworks/Flutter.framework/Headers/FlutterCallbackCache.h
2025-11-24 3:46:57 PM +0000  copying file ./Payload/add_to_app_ios.app/Frameworks/Flutter.framework/PrivacyInfo.xcprivacy ... 
2025-11-24 3:46:57 PM +0000  845 bytes for ./Payload/add_to_app_ios.app/Frameworks/Flutter.framework/PrivacyInfo.xcprivacy
2025-11-24 3:46:57 PM +0000  copying file ./Payload/add_to_app_ios.app/Frameworks/Flutter.framework/Modules/module.modulemap ... 
2025-11-24 3:46:57 PM +0000  95 bytes for ./Payload/add_to_app_ios.app/Frameworks/Flutter.framework/Modules/module.modulemap
copying file ./Payload/add_to_app_ios.app/Frameworks/Flutter.framework/Info.plist ... 
2025-11-24 3:46:57 PM +0000  1078 bytes for ./Payload/add_to_app_ios.app/Frameworks/Flutter.framework/Info.plist
2025-11-24 3:46:57 PM +0000  copying file ./Payload/add_to_app_ios.app/Frameworks/App.framework/_CodeSignature/CodeResources ... 
2025-11-24 3:46:57 PM +0000  3916 bytes for ./Payload/add_to_app_ios.app/Frameworks/App.framework/_CodeSignature/CodeResources
2025-11-24 3:46:57 PM +0000  copying file ./Payload/add_to_app_ios.app/Frameworks/App.framework/App ... 
2025-11-24 3:46:57 PM +0000  4384832 bytes for ./Payload/add_to_app_ios.app/Frameworks/App.framework/App
2025-11-24 3:46:57 PM +0000  copying file ./Payload/add_to_app_ios.app/Frameworks/App.framework/flutter_assets/NOTICES.Z ... 
2025-11-24 3:46:57 PM +0000  84750 bytes for ./Payload/add_to_app_ios.app/Frameworks/App.framework/flutter_assets/NOTICES.Z
copying file ./Payload/add_to_app_ios.app/Frameworks/App.framework/flutter_assets/NativeAssetsManifest.json ... 
2025-11-24 3:46:57 PM +0000  45 bytes for ./Payload/add_to_app_ios.app/Frameworks/App.framework/flutter_assets/NativeAssetsManifest.json
copying file ./Payload/add_to_app_ios.app/Frameworks/App.framework/flutter_assets/AssetManifest.json ... 
2025-11-24 3:46:57 PM +0000  109 bytes for ./Payload/add_to_app_ios.app/Frameworks/App.framework/flutter_assets/AssetManifest.json
copying file ./Payload/add_to_app_ios.app/Frameworks/App.framework/flutter_assets/FontManifest.json ... 
208 bytes for ./Payload/add_to_app_ios.app/Frameworks/App.framework/flutter_assets/FontManifest.json
2025-11-24 3:46:57 PM +0000  copying file ./Payload/add_to_app_ios.app/Frameworks/App.framework/flutter_assets/packages/cupertino_icons/assets/CupertinoIcons.ttf ... 
2025-11-24 3:46:57 PM +0000  257628 bytes for ./Payload/add_to_app_ios.app/Frameworks/App.framework/flutter_assets/packages/cupertino_icons/assets/CupertinoIcons.ttf
2025-11-24 3:46:57 PM +0000  copying file ./Payload/add_to_app_ios.app/Frameworks/App.framework/flutter_assets/shaders/ink_sparkle.frag ... 
2025-11-24 3:46:57 PM +0000  11984 bytes for ./Payload/add_to_app_ios.app/Frameworks/App.framework/flutter_assets/shaders/ink_sparkle.frag
copying file ./Payload/add_to_app_ios.app/Frameworks/App.framework/flutter_assets/AssetManifest.bin ... 
2025-11-24 3:46:57 PM +0000  117 bytes for ./Payload/add_to_app_ios.app/Frameworks/App.framework/flutter_assets/AssetManifest.bin
2025-11-24 3:46:57 PM +0000  copying file ./Payload/add_to_app_ios.app/Frameworks/App.framework/flutter_assets/fonts/MaterialIcons-Regular.otf ... 
2025-11-24 3:46:57 PM +0000  1312 bytes for ./Payload/add_to_app_ios.app/Frameworks/App.framework/flutter_assets/fonts/MaterialIcons-Regular.otf
2025-11-24 3:46:57 PM +0000  copying file ./Payload/add_to_app_ios.app/Frameworks/App.framework/Info.plist ... 
774 bytes for ./Payload/add_to_app_ios.app/Frameworks/App.framework/Info.plist
2025-11-24 3:46:57 PM +0000  copying file ./Payload/add_to_app_ios.app/Frameworks/shared_preferences_foundation.framework/_CodeSignature/CodeResources ... 
2025-11-24 3:46:57 PM +0000  2420 bytes for ./Payload/add_to_app_ios.app/Frameworks/shared_preferences_foundation.framework/_CodeSignature/CodeResources
2025-11-24 3:46:57 PM +0000  copying file ./Payload/add_to_app_ios.app/Frameworks/shared_preferences_foundation.framework/shared_preferences_foundation_privacy.bundle/PrivacyInfo.xcprivacy ... 
598 bytes for ./Payload/add_to_app_ios.app/Frameworks/shared_preferences_foundation.framework/shared_preferences_foundation_privacy.bundle/PrivacyInfo.xcprivacy
2025-11-24 3:46:57 PM +0000  copying file ./Payload/add_to_app_ios.app/Frameworks/shared_preferences_foundation.framework/shared_preferences_foundation_privacy.bundle/Info.plist ... 
2025-11-24 3:46:57 PM +0000  823 bytes for ./Payload/add_to_app_ios.app/Frameworks/shared_preferences_foundation.framework/shared_preferences_foundation_privacy.bundle/Info.plist
copying file ./Payload/add_to_app_ios.app/Frameworks/shared_preferences_foundation.framework/shared_preferences_foundation ... 
2025-11-24 3:46:57 PM +0000  221872 bytes for ./Payload/add_to_app_ios.app/Frameworks/shared_preferences_foundation.framework/shared_preferences_foundation
copying file ./Payload/add_to_app_ios.app/Frameworks/shared_preferences_foundation.framework/Info.plist ... 
2025-11-24 3:46:57 PM +0000  832 bytes for ./Payload/add_to_app_ios.app/Frameworks/shared_preferences_foundation.framework/Info.plist
2025-11-24 3:46:57 PM +0000  copying file ./Payload/add_to_app_ios.app/embedded.mobileprovision ... 
2025-11-24 3:46:57 PM +0000  12281 bytes for ./Payload/add_to_app_ios.app/embedded.mobileprovision
2025-11-24 3:46:57 PM +0000  copying file ./Payload/add_to_app_ios.app/Info.plist ... 
2025-11-24 3:46:57 PM +0000  1520 bytes for ./Payload/add_to_app_ios.app/Info.plist
2025-11-24 3:46:57 PM +0000  copying file ./Payload/add_to_app_ios.app/PkgInfo ... 
2025-11-24 3:46:57 PM +0000  8 bytes for ./Payload/add_to_app_ios.app/PkgInfo
2025-11-24 3:46:57 PM +0000 [MT] /usr/bin/ditto exited with 0
2025-11-24 3:46:57 PM +0000 [MT] Processing step: IDEDistributionAppStoreInformationStep
2025-11-24 3:46:57 PM +0000 [MT] Skipping step: IDEDistributionAppStoreInformationStep because it said so
2025-11-24 3:46:57 PM +0000 [MT] Processing step: IDEDistributionGenerateProcessedDistributionItems
2025-11-24 3:46:57 PM +0000 [MT] IDEDistributionItem init <DVTFilePath:0x750177300:'/var/folders/mq/p8cmhyj97hsf8g88_2h6jmtr0000gp/T/XcodeDistPipeline.~~~qw9b2i/Root/Payload/add_to_app_ios.app/Frameworks/App.framework'>
2025-11-24 3:46:57 PM +0000 [MT] IDEDistributionItem init <DVTFilePath:0x7501f1c80:'/var/folders/mq/p8cmhyj97hsf8g88_2h6jmtr0000gp/T/XcodeDistPipeline.~~~qw9b2i/Root/Payload/add_to_app_ios.app/Frameworks/shared_preferences_foundation.framework'>
2025-11-24 3:46:57 PM +0000 [MT] IDEDistributionItem init <DVTFilePath:0x75026b640:'/var/folders/mq/p8cmhyj97hsf8g88_2h6jmtr0000gp/T/XcodeDistPipeline.~~~qw9b2i/Root/Payload/add_to_app_ios.app/Frameworks/Flutter.framework'>
2025-11-24 3:46:58 PM +0000 [MT] IDEDistributionItem init <DVTFilePath:0x7502687e0:'/var/folders/mq/p8cmhyj97hsf8g88_2h6jmtr0000gp/T/XcodeDistPipeline.~~~qw9b2i/Root/Payload/add_to_app_ios.app'>
2025-11-24 3:46:58 PM +0000 [MT] Processing step: IDEDistributionCreateManifestStep
